GPU PARTICLE 0 SHAPE DEBUG: shapeRef=[6.658014926257e-02,7.361716826223e-02,7.361716826223e-02,1.246012673363e+00]
GPU PARTICLE 0 SHAPE DEBUG: shapeCur=[6.658014926257e-02,7.361716826223e-02,7.361716826223e-02,1.246012673363e+00]
GPU PARTICLE 0 SHAPE DEBUG: shapeRefInv=[1.606924298385e+01,-9.494062057940e-01,-9.494062057940e-01,8.586530612997e-01]
GPU PARTICLE 0 DEFORM DEBUG: deformGrad=[1.000000000000e+00,1.510230704841e-18,-1.851031955274e-16,1.000000000000e+00]
GPU PARTICLE 0 STRESS DEBUG: strain=[-1.110223024625e-16,-9.179648241127e-17,-9.179648241127e-17,0.000000000000e+00]
GPU PARTICLE 0 STRESS DEBUG: strainV=[-1.110223024625e-16,0.000000000000e+00,-9.179648241127e-17]
GPU PARTICLE 0 STRESS DEBUG: stressV=[-4.047688110613e-12,-8.095376221225e-13,-2.677397403662e-12]
GPU PARTICLE 0 SHAPE DEBUG: shapeRef=[1.246012673363e+00,7.361716826223e-02,7.361716826223e-02,6.658014926257e-02]
GPU PARTICLE 0 SHAPE DEBUG: shapeRef=[1.462408452029e+00,1.235132053994e+00,1.235132053994e+00,1.462408452029e+00]
GPU PARTICLE 0 SHAPE DEBUG: shapeRef=[2.972793248787e+00,3.175369796566e+00,3.175369796566e+00,6.304920876324e+00]
GPU PARTICLE 0 SHAPE DEBUG: shapeCur=[1.246012673363e+00,7.361716826223e-02,7.361716826223e-02,6.658014926257e-02]
GPU PARTICLE 0 SHAPE DEBUG: shapeCur=[1.462408452029e+00,1.235132053994e+00,1.235132053994e+00,1.462408452029e+00]
GPU PARTICLE 0 SHAPE DEBUG: shapeCur=[2.972793248787e+00,3.175369796566e+00,3.175369796566e+00,6.304920876324e+00]
GPU PARTICLE 0 SHAPE DEBUG: shapeRefInv=[8.586530612997e-01,-9.494062057940e-01,-9.494062057940e-01,1.606924298385e+01]
GPU PARTICLE 0 SHAPE DEBUG: shapeRefInv=[2.385318496164e+00,-2.014610439040e+00,-2.014610439040e+00,2.385318496164e+00]
GPU PARTICLE 0 SHAPE DEBUG: shapeRefInv=[7.280296511814e-01,-3.666601707957e-01,-3.666601707957e-01,3.432686427637e-01]
GPU PARTICLE 0 SHAPE DEBUG: shapeRef=[5.514431853368e+00,6.462317275390e-01,6.462317275390e-01,4.216328547629e-01]
GPU PARTICLE 0 SHAPE DEBUG: shapeRef=[6.304920876324e+00,3.175369796566e+00,3.175369796566e+00,2.972793248787e+00]
GPU PARTICLE 0 SHAPE DEBUG: shapeRef=[5.639301498142e+00,4.437166752791e+00,4.437166752791e+00,5.639301498142e+00]
GPU PARTICLE 0 SHAPE DEBUG: shapeRef=[9.793763767099e+00,5.617611742679e-01,5.617611742679e-01,5.312999143271e-01]
GPU PARTICLE 0 DEFORM DEBUG: deformGrad=[1.000000000000e+00,-1.016729867692e-16,-7.804703735456e-19,1.000000000000e+00]
GPU PARTICLE 0 DEFORM DEBUG: deformGrad=[1.000000000000e+00,-1.168595147774e-16,1.244159906222e-16,1.000000000000e+00]
GPU PARTICLE 0 DEFORM DEBUG: deformGrad=[1.000000000000e+00,-5.406327463595e-17,-2.419767298086e-16,1.000000000000e+00]
GPU PARTICLE 0 SHAPE DEBUG: shapeCur=[5.514431853368e+00,6.462317275390e-01,6.462317275390e-01,4.216328547629e-01]
GPU PARTICLE 0 SHAPE DEBUG: shapeCur=[6.304920876324e+00,3.175369796566e+00,3.175369796566e+00,2.972793248787e+00]
GPU PARTICLE 0 SHAPE DEBUG: shapeCur=[5.639301498142e+00,4.437166752791e+00,4.437166752791e+00,5.639301498142e+00]
GPU PARTICLE 0 SHAPE DEBUG: shapeCur=[9.793763767099e+00,5.617611742679e-01,5.617611742679e-01,5.312999143271e-01]
GPU PARTICLE 0 SHAPE DEBUG: shapeRef=[6.658014926257e-02,7.361716826223e-02,7.361716826223e-02,1.246012673363e+00]
GPU PARTICLE 0 SHAPE DEBUG: shapeRef=[4.216328547629e-01,6.462317275390e-01,6.462317275390e-01,5.514431853368e+00]
GPU PARTICLE 0 SHAPE DEBUG: shapeRef=[5.312999143271e-01,5.617611742679e-01,5.617611742679e-01,9.793763767099e+00]
GPU PARTICLE 0 SHAPE DEBUG: shapeRefInv=[2.210452755056e-01,-3.387934992273e-01,-3.387934992273e-01,2.890996502087e+00]
GPU PARTICLE 0 SHAPE DEBUG: shapeRefInv=[3.432686427637e-01,-3.666601707957e-01,-3.666601707957e-01,7.280296511814e-01]
GPU PARTICLE 0 SHAPE DEBUG: shapeRefInv=[4.655473121712e-01,-3.663061916618e-01,-3.663061916618e-01,4.655473121712e-01]
GPU PARTICLE 0 STRESS DEBUG: strain=[2.220446049250e-16,-5.122672857137e-17,-5.122672857137e-17,-1.110223024625e-16]
GPU PARTICLE 0 STRESS DEBUG: strain=[0.000000000000e+00,3.778237922427e-18,3.778237922427e-18,-1.110223024625e-16]
GPU PARTICLE 0 STRESS DEBUG: strain=[-1.110223024625e-16,-1.480200022223e-16,-1.480200022223e-16,0.000000000000e+00]
GPU PARTICLE 0 SHAPE DEBUG: shapeRefInv=[1.086980756258e-01,-1.149301118965e-01,-1.149301118965e-01,2.003695551064e+00]
GPU PARTICLE 0 SHAPE DEBUG: shapeCur=[6.658014926257e-02,7.361716826223e-02,7.361716826223e-02,1.246012673363e+00]
GPU PARTICLE 0 SHAPE DEBUG: shapeCur=[4.216328547629e-01,6.462317275390e-01,6.462317275390e-01,5.514431853368e+00]
GPU PARTICLE 0 SHAPE DEBUG: shapeCur=[5.312999143271e-01,5.617611742679e-01,5.617611742679e-01,9.793763767099e+00]
GPU PARTICLE 0 STRESS DEBUG: strainV=[2.220446049250e-16,-1.110223024625e-16,-5.122672857137e-17]
GPU PARTICLE 0 STRESS DEBUG: strainV=[0.000000000000e+00,-1.110223024625e-16,3.778237922427e-18]
GPU PARTICLE 0 STRESS DEBUG: strainV=[-1.110223024625e-16,0.000000000000e+00,-1.480200022223e-16]
GPU PARTICLE 0 DEFORM DEBUG: deformGrad=[1.000000000000e+00,8.321360490173e-17,3.216129756302e-18,1.000000000000e+00]
GPU PARTICLE 0 DEFORM DEBUG: deformGrad=[1.000000000000e+00,-1.354986886082e-16,-6.914615118786e-17,1.000000000000e+00]
GPU PARTICLE 0 DEFORM DEBUG: deformGrad=[1.000000000000e+00,-1.940082655238e-16,1.446908100623e-16,1.000000000000e+00]
GPU PARTICLE 0 DEFORM DEBUG: deformGrad=[1.000000000000e+00,-1.557652760707e-17,-7.633719214266e-19,1.000000000000e+00]
GPU PARTICLE 0 SHAPE DEBUG: shapeRefInv=[1.606924298385e+01,-9.494062057940e-01,-9.494062057940e-01,8.586530612997e-01]
GPU PARTICLE 0 SHAPE DEBUG: shapeRefInv=[2.890996502087e+00,-3.387934992273e-01,-3.387934992273e-01,2.210452755056e-01]
GPU PARTICLE 0 SHAPE DEBUG: shapeRefInv=[2.003695551064e+00,-1.149301118965e-01,-1.149301118965e-01,1.086980756258e-01]
GPU PARTICLE 0 STRESS DEBUG: stressV=[7.285838599103e-12,-2.428612866368e-12,-1.494112916665e-12]
GPU PARTICLE 0 STRESS DEBUG: stressV=[-8.095376221225e-13,-4.047688110613e-12,1.101986060708e-13]
GPU PARTICLE 0 STRESS DEBUG: stressV=[-4.047688110613e-12,-8.095376221225e-13,-4.317250064816e-12]
GPU PARTICLE 0 STRESS DEBUG: strain=[0.000000000000e+00,4.321486732901e-17,4.321486732901e-17,-1.110223024625e-16]
GPU PARTICLE 0 STRESS DEBUG: strain=[2.220446049250e-16,-1.023224198980e-16,-1.023224198980e-16,0.000000000000e+00]
GPU PARTICLE 0 STRESS DEBUG: strain=[-1.110223024625e-16,-2.465872773076e-17,-2.465872773076e-17,0.000000000000e+00]
GPU PARTICLE 0 STRESS DEBUG: strain=[0.000000000000e+00,-8.169949764247e-18,-8.169949764247e-18,0.000000000000e+00]
GPU PARTICLE 0 DEFORM DEBUG: deformGrad=[1.000000000000e+00,1.510230704841e-18,-1.851031955274e-16,1.000000000000e+00]
GPU PARTICLE 0 DEFORM DEBUG: deformGrad=[1.000000000000e+00,-2.936623907483e-17,3.087056783229e-17,1.000000000000e+00]
GPU PARTICLE 0 DEFORM DEBUG: deformGrad=[1.000000000000e+00,-1.012639018480e-18,-1.128015654847e-17,1.000000000000e+00]
GPU PARTICLE 0 STRESS DEBUG: strainV=[0.000000000000e+00,-1.110223024625e-16,4.321486732901e-17]
GPU PARTICLE 0 STRESS DEBUG: strainV=[2.220446049250e-16,0.000000000000e+00,-1.023224198980e-16]
GPU PARTICLE 0 STRESS DEBUG: strainV=[-1.110223024625e-16,0.000000000000e+00,-2.465872773076e-17]
GPU PARTICLE 0 STRESS DEBUG: strainV=[0.000000000000e+00,0.000000000000e+00,-8.169949764247e-18]
GPU PARTICLE 0 STRESS DEBUG: strain=[-1.110223024625e-16,-9.179648241127e-17,-9.179648241127e-17,0.000000000000e+00]
GPU PARTICLE 0 STRESS DEBUG: strain=[0.000000000000e+00,7.521643787300e-19,7.521643787300e-19,-1.110223024625e-16]
GPU PARTICLE 0 STRESS DEBUG: strain=[0.000000000000e+00,-6.146397783477e-18,-6.146397783477e-18,0.000000000000e+00]
GPU PARTICLE 0 STRESS DEBUG: stressV=[-8.095376221225e-13,-4.047688110613e-12,1.260433630430e-12]
GPU PARTICLE 0 STRESS DEBUG: stressV=[8.095376221225e-12,1.619075244245e-12,-2.984403913693e-12]
GPU PARTICLE 0 STRESS DEBUG: stressV=[-4.047688110613e-12,-8.095376221225e-13,-7.192128921471e-13]
GPU PARTICLE 0 STRESS DEBUG: stressV=[0.000000000000e+00,0.000000000000e+00,-2.382902014572e-13]
GPU PARTICLE 0 STRESS DEBUG: strainV=[-1.110223024625e-16,0.000000000000e+00,-9.179648241127e-17]
GPU PARTICLE 0 STRESS DEBUG: strainV=[0.000000000000e+00,-1.110223024625e-16,7.521643787300e-19]
GPU PARTICLE 0 STRESS DEBUG: strainV=[0.000000000000e+00,0.000000000000e+00,-6.146397783477e-18]
GPU PARTICLE 0 STRESS DEBUG: stressV=[-4.047688110613e-12,-8.095376221225e-13,-2.677397403662e-12]
GPU PARTICLE 0 STRESS DEBUG: stressV=[-8.095376221225e-13,-4.047688110613e-12,2.193812771296e-14]
GPU PARTICLE 0 STRESS DEBUG: stressV=[0.000000000000e+00,0.000000000000e+00,-1.792699353514e-13]
GPU DEBUG P0: pi=0, pj=1
GPU DEBUG P0: forceIJ=[1.698503e-13,2.031705e-13]
GPU DEBUG P0: forceJI=[-9.068685e-14,-8.674070e-14]
GPU DEBUG P0: volume=1.000000e+00
GPU DEBUG P0: force_contrib=[2.605372e-13,2.899112e-13]
GPU PARTICLE 0 SHAPE DEBUG: shapeRef=[4.216328547629e-01,6.462317275390e-01,6.462317275390e-01,5.514431853368e+00]
GPU PARTICLE 0 SHAPE DEBUG: shapeCur=[4.216328547629e-01,6.462317275390e-01,6.462317275390e-01,5.514431853368e+00]
GPU PARTICLE 0 SHAPE DEBUG: shapeRefInv=[2.890996502087e+00,-3.387934992273e-01,-3.387934992273e-01,2.210452755056e-01]
GPU PARTICLE 0 DEFORM DEBUG: deformGrad=[1.000000000000e+00,-2.936623907483e-17,3.087056783229e-17,1.000000000000e+00]
GPU PARTICLE 0 STRESS DEBUG: strain=[0.000000000000e+00,7.521643787300e-19,7.521643787300e-19,-1.110223024625e-16]
GPU PARTICLE 0 STRESS DEBUG: strainV=[0.000000000000e+00,-1.110223024625e-16,7.521643787300e-19]
GPU PARTICLE 0 STRESS DEBUG: stressV=[-8.095376221225e-13,-4.047688110613e-12,2.193812771296e-14]
GPU DEBUG P0: pi=0, pj=2
GPU DEBUG P0: forceIJ=[7.799046e-14,-2.520802e-13]
GPU DEBUG P0: forceJI=[2.418975e-14,1.239689e-13]
GPU DEBUG P0: volume=1.000000e+00
GPU DEBUG P0: force_contrib=[5.380071e-14,-3.760492e-13]
GPU PARTICLE 0 SHAPE DEBUG: shapeRef=[5.312999143271e-01,5.617611742679e-01,5.617611742679e-01,9.793763767099e+00]
GPU PARTICLE 0 SHAPE DEBUG: shapeCur=[5.312999143271e-01,5.617611742679e-01,5.617611742679e-01,9.793763767099e+00]
GPU PARTICLE 0 SHAPE DEBUG: shapeRefInv=[2.003695551064e+00,-1.149301118965e-01,-1.149301118965e-01,1.086980756258e-01]
GPU PARTICLE 0 DEFORM DEBUG: deformGrad=[1.000000000000e+00,-1.012639018480e-18,-1.128015654847e-17,1.000000000000e+00]
GPU PARTICLE 0 STRESS DEBUG: strain=[0.000000000000e+00,-6.146397783477e-18,-6.146397783477e-18,0.000000000000e+00]
GPU PARTICLE 0 STRESS DEBUG: strainV=[0.000000000000e+00,0.000000000000e+00,-6.146397783477e-18]
GPU PARTICLE 0 STRESS DEBUG: stressV=[0.000000000000e+00,0.000000000000e+00,-1.792699353514e-13]
GPU DEBUG P0: pi=0, pj=3
GPU DEBUG P0: forceIJ=[-7.035530e-15,7.438901e-15]
GPU DEBUG P0: forceJI=[-1.125484e-13,5.255117e-14]
GPU DEBUG P0: volume=1.000000e+00
GPU DEBUG P0: force_contrib=[1.055129e-13,-4.511227e-14]
GPU PARTICLE 0 SHAPE DEBUG: shapeRef=[1.246012673363e+00,7.361716826223e-02,7.361716826223e-02,6.658014926257e-02]
GPU PARTICLE 0 SHAPE DEBUG: shapeCur=[1.246012673363e+00,7.361716826223e-02,7.361716826223e-02,6.658014926257e-02]
GPU PARTICLE 0 SHAPE DEBUG: shapeRefInv=[8.586530612997e-01,-9.494062057940e-01,-9.494062057940e-01,1.606924298385e+01]
GPU PARTICLE 0 DEFORM DEBUG: deformGrad=[1.000000000000e+00,-1.016729867692e-16,-7.804703735456e-19,1.000000000000e+00]
GPU PARTICLE 0 STRESS DEBUG: strain=[2.220446049250e-16,-5.122672857137e-17,-5.122672857137e-17,-1.110223024625e-16]
GPU PARTICLE 0 STRESS DEBUG: strainV=[2.220446049250e-16,-1.110223024625e-16,-5.122672857137e-17]
GPU PARTICLE 0 STRESS DEBUG: stressV=[7.285838599103e-12,-2.428612866368e-12,-1.494112916665e-12]
GPU PARTICLE 0 SHAPE DEBUG: shapeRef=[1.462408452029e+00,1.235132053994e+00,1.235132053994e+00,1.462408452029e+00]
GPU PARTICLE 0 SHAPE DEBUG: shapeCur=[1.462408452029e+00,1.235132053994e+00,1.235132053994e+00,1.462408452029e+00]
GPU PARTICLE 0 SHAPE DEBUG: shapeRefInv=[2.385318496164e+00,-2.014610439040e+00,-2.014610439040e+00,2.385318496164e+00]
GPU PARTICLE 0 DEFORM DEBUG: deformGrad=[1.000000000000e+00,-1.168595147774e-16,1.244159906222e-16,1.000000000000e+00]
GPU PARTICLE 0 STRESS DEBUG: strain=[0.000000000000e+00,3.778237922427e-18,3.778237922427e-18,-1.110223024625e-16]
GPU PARTICLE 0 STRESS DEBUG: strainV=[0.000000000000e+00,-1.110223024625e-16,3.778237922427e-18]
GPU PARTICLE 0 STRESS DEBUG: stressV=[-8.095376221225e-13,-4.047688110613e-12,1.101986060708e-13]
GPU PARTICLE 0 SHAPE DEBUG: shapeRef=[2.972793248787e+00,3.175369796566e+00,3.175369796566e+00,6.304920876324e+00]
GPU PARTICLE 0 SHAPE DEBUG: shapeCur=[2.972793248787e+00,3.175369796566e+00,3.175369796566e+00,6.304920876324e+00]
GPU PARTICLE 0 SHAPE DEBUG: shapeRefInv=[7.280296511814e-01,-3.666601707957e-01,-3.666601707957e-01,3.432686427637e-01]
GPU PARTICLE 0 DEFORM DEBUG: deformGrad=[1.000000000000e+00,-5.406327463595e-17,-2.419767298086e-16,1.000000000000e+00]
GPU PARTICLE 0 STRESS DEBUG: strain=[-1.110223024625e-16,-1.480200022223e-16,-1.480200022223e-16,0.000000000000e+00]
GPU PARTICLE 0 STRESS DEBUG: strainV=[-1.110223024625e-16,0.000000000000e+00,-1.480200022223e-16]
GPU PARTICLE 0 STRESS DEBUG: stressV=[-4.047688110613e-12,-8.095376221225e-13,-4.317250064816e-12]
GPU PARTICLE 0 SHAPE DEBUG: shapeRef=[5.514431853368e+00,6.462317275390e-01,6.462317275390e-01,4.216328547629e-01]
GPU PARTICLE 0 SHAPE DEBUG: shapeCur=[5.514431853368e+00,6.462317275390e-01,6.462317275390e-01,4.216328547629e-01]
GPU PARTICLE 0 SHAPE DEBUG: shapeRefInv=[2.210452755056e-01,-3.387934992273e-01,-3.387934992273e-01,2.890996502087e+00]
GPU PARTICLE 0 DEFORM DEBUG: deformGrad=[1.000000000000e+00,8.321360490173e-17,3.216129756302e-18,1.000000000000e+00]
GPU PARTICLE 0 STRESS DEBUG: strain=[0.000000000000e+00,4.321486732901e-17,4.321486732901e-17,-1.110223024625e-16]
GPU PARTICLE 0 STRESS DEBUG: strainV=[0.000000000000e+00,-1.110223024625e-16,4.321486732901e-17]
GPU PARTICLE 0 STRESS DEBUG: stressV=[-8.095376221225e-13,-4.047688110613e-12,1.260433630430e-12]
GPU PARTICLE 0 SHAPE DEBUG: shapeRef=[6.304920876324e+00,3.175369796566e+00,3.175369796566e+00,2.972793248787e+00]
GPU PARTICLE 0 SHAPE DEBUG: shapeCur=[6.304920876324e+00,3.175369796566e+00,3.175369796566e+00,2.972793248787e+00]
GPU PARTICLE 0 SHAPE DEBUG: shapeRefInv=[3.432686427637e-01,-3.666601707957e-01,-3.666601707957e-01,7.280296511814e-01]
GPU PARTICLE 0 DEFORM DEBUG: deformGrad=[1.000000000000e+00,-1.354986886082e-16,-6.914615118786e-17,1.000000000000e+00]
GPU PARTICLE 0 STRESS DEBUG: strain=[2.220446049250e-16,-1.023224198980e-16,-1.023224198980e-16,0.000000000000e+00]
GPU PARTICLE 0 STRESS DEBUG: strainV=[2.220446049250e-16,0.000000000000e+00,-1.023224198980e-16]
GPU PARTICLE 0 STRESS DEBUG: stressV=[8.095376221225e-12,1.619075244245e-12,-2.984403913693e-12]
GPU PARTICLE 0 SHAPE DEBUG: shapeRef=[5.639301498142e+00,4.437166752791e+00,4.437166752791e+00,5.639301498142e+00]
GPU PARTICLE 0 SHAPE DEBUG: shapeCur=[5.639301498142e+00,4.437166752791e+00,4.437166752791e+00,5.639301498142e+00]
GPU PARTICLE 0 SHAPE DEBUG: shapeRefInv=[4.655473121712e-01,-3.663061916618e-01,-3.663061916618e-01,4.655473121712e-01]
GPU PARTICLE 0 DEFORM DEBUG: deformGrad=[1.000000000000e+00,-1.940082655238e-16,1.446908100623e-16,1.000000000000e+00]
GPU PARTICLE 0 STRESS DEBUG: strain=[-1.110223024625e-16,-2.465872773076e-17,-2.465872773076e-17,0.000000000000e+00]
GPU PARTICLE 0 STRESS DEBUG: strainV=[-1.110223024625e-16,0.000000000000e+00,-2.465872773076e-17]
GPU PARTICLE 0 STRESS DEBUG: stressV=[-4.047688110613e-12,-8.095376221225e-13,-7.192128921471e-13]
GPU PARTICLE 0 SHAPE DEBUG: shapeRef=[9.793763767099e+00,5.617611742679e-01,5.617611742679e-01,5.312999143271e-01]
GPU PARTICLE 0 SHAPE DEBUG: shapeCur=[9.793763767099e+00,5.617611742679e-01,5.617611742679e-01,5.312999143271e-01]
GPU PARTICLE 0 SHAPE DEBUG: shapeRefInv=[1.086980756258e-01,-1.149301118965e-01,-1.149301118965e-01,2.003695551064e+00]
GPU PARTICLE 0 DEFORM DEBUG: deformGrad=[1.000000000000e+00,-1.557652760707e-17,-7.633719214266e-19,1.000000000000e+00]
GPU PARTICLE 0 STRESS DEBUG: strain=[0.000000000000e+00,-8.169949764247e-18,-8.169949764247e-18,0.000000000000e+00]
GPU PARTICLE 0 STRESS DEBUG: strainV=[0.000000000000e+00,0.000000000000e+00,-8.169949764247e-18]
GPU PARTICLE 0 STRESS DEBUG: stressV=[0.000000000000e+00,0.000000000000e+00,-2.382902014572e-13]
GPU DEBUG P0: final_netF=[1.741404e-12,2.874476e-13]
GPU DEBUG P0: acceleration=[6.965617e-07,1.149791e-07]
